c:\users\dmytro yaremyshyn\desktop\poo_colonia\poo_colonia\castlewar\castlewar\debug\vc140.pdb
c:\users\dmytro yaremyshyn\desktop\poo_colonia\poo_colonia\castlewar\castlewar\debug\vc140.idb
c:\users\dmytro yaremyshyn\desktop\poo_colonia\poo_colonia\castlewar\castlewar\debug\configuracoes.obj
c:\users\dmytro yaremyshyn\desktop\poo_colonia\poo_colonia\castlewar\castlewar\debug\consola.obj
c:\users\dmytro yaremyshyn\desktop\poo_colonia\poo_colonia\castlewar\castlewar\debug\ecologico.obj
c:\users\dmytro yaremyshyn\desktop\poo_colonia\poo_colonia\castlewar\castlewar\debug\edificio.obj
c:\users\dmytro yaremyshyn\desktop\poo_colonia\poo_colonia\castlewar\castlewar\debug\espada.obj
c:\users\dmytro yaremyshyn\desktop\poo_colonia\poo_colonia\castlewar\castlewar\debug\faca.obj
c:\users\dmytro yaremyshyn\desktop\poo_colonia\poo_colonia\castlewar\castlewar\debug\heatseeker.obj
c:\users\dmytro yaremyshyn\desktop\poo_colonia\poo_colonia\castlewar\castlewar\debug\interecao.obj
c:\users\dmytro yaremyshyn\desktop\poo_colonia\poo_colonia\castlewar\castlewar\debug\main.obj
c:\users\dmytro yaremyshyn\desktop\poo_colonia\poo_colonia\castlewar\castlewar\debug\militar.obj
c:\users\dmytro yaremyshyn\desktop\poo_colonia\poo_colonia\castlewar\castlewar\debug\peledura.obj
c:\users\dmytro yaremyshyn\desktop\poo_colonia\poo_colonia\castlewar\castlewar\debug\posicao.obj
c:\users\dmytro yaremyshyn\desktop\poo_colonia\poo_colonia\castlewar\castlewar\debug\quinta.obj
c:\users\dmytro yaremyshyn\desktop\poo_colonia\poo_colonia\castlewar\castlewar\debug\remedio.obj
c:\users\dmytro yaremyshyn\desktop\poo_colonia\poo_colonia\castlewar\castlewar\debug\secondchance.obj
c:\users\dmytro yaremyshyn\desktop\poo_colonia\poo_colonia\castlewar\castlewar\debug\ser.obj
c:\users\dmytro yaremyshyn\desktop\poo_colonia\poo_colonia\castlewar\castlewar\debug\superior.obj
c:\users\dmytro yaremyshyn\desktop\poo_colonia\poo_colonia\castlewar\castlewar\debug\torre.obj
c:\users\dmytro yaremyshyn\desktop\poo_colonia\poo_colonia\castlewar\castlewar\debug\walker.obj
c:\users\dmytro yaremyshyn\desktop\poo_colonia\poo_colonia\castlewar\castlewar\debug\agressao.obj
c:\users\dmytro yaremyshyn\desktop\poo_colonia\poo_colonia\castlewar\castlewar\debug\aluno.obj
c:\users\dmytro yaremyshyn\desktop\poo_colonia\poo_colonia\castlewar\castlewar\debug\armadura.obj
c:\users\dmytro yaremyshyn\desktop\poo_colonia\poo_colonia\castlewar\castlewar\debug\bandeira.obj
c:\users\dmytro yaremyshyn\desktop\poo_colonia\poo_colonia\castlewar\castlewar\debug\buildseeker.obj
c:\users\dmytro yaremyshyn\desktop\poo_colonia\poo_colonia\castlewar\castlewar\debug\caracteristica.obj
c:\users\dmytro yaremyshyn\desktop\poo_colonia\poo_colonia\castlewar\castlewar\debug\castelo.obj
c:\users\dmytro yaremyshyn\desktop\poo_colonia\poo_colonia\castlewar\castlewar\debug\civil.obj
c:\users\dmytro yaremyshyn\desktop\poo_colonia\poo_colonia\castlewar\castlewar\debug\colonia.obj
c:\users\dmytro yaremyshyn\desktop\poo_colonia\poo_colonia\castlewar\castlewar\debug\castlewar.tlog\cl.command.1.tlog
c:\users\dmytro yaremyshyn\desktop\poo_colonia\poo_colonia\castlewar\castlewar\debug\castlewar.tlog\cl.read.1.tlog
c:\users\dmytro yaremyshyn\desktop\poo_colonia\poo_colonia\castlewar\castlewar\debug\castlewar.tlog\cl.write.1.tlog
